c:\shaheer\air uni\3rd semester\data structure - muhammad imran\project\hackathon\hackathon\x64\debug\vc143.pdb
c:\shaheer\air uni\3rd semester\data structure - muhammad imran\project\hackathon\hackathon\x64\debug\.netframework,version=v4.7.2.assemblyattributes.obj
c:\shaheer\air uni\3rd semester\data structure - muhammad imran\project\hackathon\hackathon\x64\debug\team.obj
c:\shaheer\air uni\3rd semester\data structure - muhammad imran\project\hackathon\hackathon\x64\debug\scheduler.obj
c:\shaheer\air uni\3rd semester\data structure - muhammad imran\project\hackathon\hackathon\x64\debug\myform.obj
c:\shaheer\air uni\3rd semester\data structure - muhammad imran\project\hackathon\hackathon\x64\debug\match.obj
c:\shaheer\air uni\3rd semester\data structure - muhammad imran\project\hackathon\hackathon\x64\debug\managerounds.obj
c:\shaheer\air uni\3rd semester\data structure - muhammad imran\project\hackathon\hackathon\x64\debug\addteams.obj
c:\shaheer\air uni\3rd semester\data structure - muhammad imran\project\hackathon\x64\debug\hackathon.exe
c:\shaheer\air uni\3rd semester\data structure - muhammad imran\project\hackathon\x64\debug\hackathon.pdb
c:\shaheer\air uni\3rd semester\data structure - muhammad imran\project\hackathon\hackathon\x64\debug\matchqueue.obj
c:\shaheer\air uni\3rd semester\data structure - muhammad imran\project\hackathon\hackathon\x64\debug\teamqueue.obj
c:\shaheer\air uni\3rd semester\data structure - muhammad imran\project\hackathon\hackathon\x64\debug\hackathon.tlog\cl.command.1.tlog
c:\shaheer\air uni\3rd semester\data structure - muhammad imran\project\hackathon\hackathon\x64\debug\hackathon.tlog\cl.items.tlog
c:\shaheer\air uni\3rd semester\data structure - muhammad imran\project\hackathon\hackathon\x64\debug\hackathon.tlog\cl.read.1.tlog
c:\shaheer\air uni\3rd semester\data structure - muhammad imran\project\hackathon\hackathon\x64\debug\hackathon.tlog\cl.write.1.tlog
c:\shaheer\air uni\3rd semester\data structure - muhammad imran\project\hackathon\hackathon\x64\debug\hackathon.tlog\link.command.1.tlog
c:\shaheer\air uni\3rd semester\data structure - muhammad imran\project\hackathon\hackathon\x64\debug\hackathon.tlog\link.read.1.tlog
c:\shaheer\air uni\3rd semester\data structure - muhammad imran\project\hackathon\hackathon\x64\debug\hackathon.tlog\link.secondary.1.tlog
c:\shaheer\air uni\3rd semester\data structure - muhammad imran\project\hackathon\hackathon\x64\debug\hackathon.tlog\link.write.1.tlog
c:\shaheer\air uni\3rd semester\data structure - muhammad imran\project\hackathon\hackathon\x64\debug\hackathon.tlog\metagen.read.1.tlog
c:\shaheer\air uni\3rd semester\data structure - muhammad imran\project\hackathon\hackathon\x64\debug\hackathon.tlog\metagen.write.1.tlog
c:\shaheer\air uni\3rd semester\data structure - muhammad imran\project\hackathon\hackathon\x64\debug\hackathon.tlog\resgen.command.1.tlog
c:\shaheer\air uni\3rd semester\data structure - muhammad imran\project\hackathon\hackathon\x64\debug\hackathon.tlog\resgen.read.1.tlog
c:\shaheer\air uni\3rd semester\data structure - muhammad imran\project\hackathon\hackathon\x64\debug\hackathon.tlog\resgen.write.1.tlog
